This file contains any messages produced by compilers while
running configure, to aid debugging if configure makes a mistake.

It was created by Polly configure 0.1.0, which was
generated by GNU Autoconf 2.69.  Invocation command line was

  $ ./configure 

## --------- ##
## Platform. ##
## --------- ##

hostname = tlogin-0501.cluster
uname -m = x86_64
uname -r = 3.10.0-1160.36.2.el7.x86_64
uname -s = Linux
uname -v = #1 SMP Wed Jul 21 11:57:15 UTC 2021

/usr/bin/uname -p = x86_64
/bin/uname -X     = unknown

/bin/arch              = x86_64
/usr/bin/arch -k       = unknown
/usr/convex/getsysinfo = unknown
/usr/bin/hostinfo      = unknown
/bin/machine           = unknown
/usr/bin/oslevel       = unknown
/bin/universe          = unknown

PATH: /sw/eb/sw/HTSlib/1.10.2-GCC-8.3.0/bin
PATH: /sw/eb/sw/binutils/2.32-GCCcore-8.3.0/bin
PATH: /sw/eb/sw/XZ/5.2.4-GCCcore-8.3.0/bin
PATH: /sw/eb/sw/cURL/7.66.0-GCCcore-8.3.0/bin
PATH: /sw/eb/sw/bzip2/1.0.8-GCCcore-8.3.0/bin
PATH: /sw/eb/sw/GCCcore/8.3.0/bin
PATH: /sw/local/bin
PATH: /usr/local/bin
PATH: /usr/bin
PATH: /usr/local/sbin
PATH: /usr/sbin
PATH: /usr/lpp/mmfs/bin
PATH: /home/annabelperry/.local/bin
PATH: /home/annabelperry/bin


## ----------- ##
## Core tests. ##
## ----------- ##

configure:1673: checking for pkg-config
configure:1691: found /usr/bin/pkg-config
configure:1703: result: /usr/bin/pkg-config
configure:1880: creating ./config.status

## ---------------------- ##
## Running config.status. ##
## ---------------------- ##

This file was extended by Polly config.status 0.1.0, which was
generated by GNU Autoconf 2.69.  Invocation command line was

  CONFIG_FILES    = 
  CONFIG_HEADERS  = 
  CONFIG_LINKS    = 
  CONFIG_COMMANDS = 
  $ ./config.status 

on tlogin-0501.cluster

config.status:716: creating Makevars

## ---------------- ##
## Cache variables. ##
## ---------------- ##

ac_cv_env_build_alias_set=
ac_cv_env_build_alias_value=
ac_cv_env_host_alias_set=
ac_cv_env_host_alias_value=
ac_cv_env_target_alias_set=
ac_cv_env_target_alias_value=
ac_cv_path_PKG_CONFIG=/usr/bin/pkg-config

## ----------------- ##
## Output variables. ##
## ----------------- ##

DEFS='-DPACKAGE_NAME=\"Polly\" -DPACKAGE_TARNAME=\"polly\" -DPACKAGE_VERSION=\"0.1.0\" -DPACKAGE_STRING=\"Polly\ 0.1.0\" -DPACKAGE_BUGREPORT=\"\" -DPACKAGE_URL=\"\"'
ECHO_C=''
ECHO_N='-n'
ECHO_T=''
HTS_CFLAGS='-I/sw/eb/sw/HTSlib/1.10.2-GCC-8.3.0/include -I/sw/eb/sw/XZ/5.2.4-GCCcore-8.3.0/include -I/sw/eb/sw/zlib/1.2.11-GCCcore-8.3.0/include -I/sw/eb/sw/bzip2/1.0.8-GCCcore-8.3.0/include  '
HTS_LIBS='-L/sw/eb/sw/HTSlib/1.10.2-GCC-8.3.0/lib -lhts  '
LIBOBJS=''
LIBS=''
LTLIBOBJS=''
PACKAGE_BUGREPORT=''
PACKAGE_NAME='Polly'
PACKAGE_STRING='Polly 0.1.0'
PACKAGE_TARNAME='polly'
PACKAGE_URL=''
PACKAGE_VERSION='0.1.0'
PATH_SEPARATOR=':'
PKG_CONFIG='/usr/bin/pkg-config'
SHELL='/bin/sh'
bindir='${exec_prefix}/bin'
build_alias=''
datadir='${datarootdir}'
datarootdir='${prefix}/share'
docdir='${datarootdir}/doc/${PACKAGE_TARNAME}'
dvidir='${docdir}'
exec_prefix='${prefix}'
host_alias=''
htmldir='${docdir}'
includedir='${prefix}/include'
infodir='${datarootdir}/info'
libdir='${exec_prefix}/lib'
libexecdir='${exec_prefix}/libexec'
localedir='${datarootdir}/locale'
localstatedir='${prefix}/var'
mandir='${datarootdir}/man'
oldincludedir='/usr/include'
pdfdir='${docdir}'
prefix='/usr/local'
program_transform_name='s,x,x,'
psdir='${docdir}'
sbindir='${exec_prefix}/sbin'
sharedstatedir='${prefix}/com'
sysconfdir='${prefix}/etc'
target_alias=''

## ----------- ##
## confdefs.h. ##
## ----------- ##

/* confdefs.h */
#define PACKAGE_NAME "Polly"
#define PACKAGE_TARNAME "polly"
#define PACKAGE_VERSION "0.1.0"
#define PACKAGE_STRING "Polly 0.1.0"
#define PACKAGE_BUGREPORT ""
#define PACKAGE_URL ""

configure: exit 0
